t 1.6689300537109375e-05 q Is clementine pith highly sought after?
t 112.66798067092896 q Did Donald Trump come up with the idea for the New York Harbor?
t 203.0368709564209 q Were Jackson Pollock's parents not required to say The Pledge of Allegiance as children?
t 304.08229303359985 q Does Nigella Lawson care about solubility?
t 401.35476064682007 q Could Rich and Morty be triggered for children of alcoholics?
t 509.00435161590576 q Did a Mediterranean Sea creature kill Steve Irwin?
t 611.4208827018738 q Was John Lennon known to be a good friend to Sasha Obama?
t 730.4166567325592 q Should children be kept from "special brownies"?
t 912.6005198955536 q Could Buzz Aldrin have owned a computer?
t 1029.28493142128 q Are some types of pancakes named after coins?
t 1115.619666814804 q Was the son of Tsar Nicholas a daredevil?
t 1218.5165729522705 q Are twins always born during the same year?
t 1344.65714097023 q Was Charles Manson's body unwanted?
t 1458.6067345142365 q Did the Coen brothers ever collaborate with the Brothers Grimm?
t 1555.2602179050446 q Did a gladiator kill his opponent with a shotgun?
t 1666.9109127521515 q Is Michael an unpopular name in the United States?
t 1737.1022944450378 q Do human sacrums have more fused vertebrae than an Alaskan Malamute?
t 1842.5730175971985 q Did the phone Alexander Graham Bell use have call waiting?
t 1927.621868610382 q Could Lil Wayne legally operate a vehicle on his own at the beginning of his career?
t 2032.6189455986023 q Did DARPA influence Albert Einstein? 
t 2133.7547373771667 q Could the Atlantic readers fill 500 battalions?
t 2216.5524463653564 q Did Jon Brower Minnoch suffer from anorexia nervosa?
t 2360.6213042736053 q Can you fit every resident of Auburn, New York, in Tropicana Field?
t 2445.325882434845 q Can Poland Spring make money in the Sahara?
t 2613.248518228531 q Will The Exorcist stimulate limbic system?
t 2720.0433604717255 q Do depressed people travel to the Golden Gate Bridge often?
t 2819.007748603821 q Is a pound sterling valuable?
t 2926.8808891773224 q Would eliminating competition in the Japanese bulk carrier market be profitable for a steel company?
t 3049.2999517917633 q Has the creator of Futurama lived in multiple centuries?
t 3136.4955563545227 q Did the Gunpowder plot eliminate Mary, Queen of Scots bloodline?
t 3246.7095732688904 q Is Sirius part of a constellation of an animal?
t 3346.291694879532 q Would Cuba Libre consumption help with insomnia?
t 3485.2225320339203 q Do all shooting sports involve bullets?
t 3563.7233901023865 q Would Hannah Nixon be proud of Richard Nixon following the Watergate scandal?
t 3674.1377358436584 q Did the original lead guitarist of Metallica fail after parting from the band?
t 3777.228413581848 q Could Oprah Winfrey buy dozens of her staff Bugatti luxury cars?
t 3867.049144268036 q Can preventive healthcare reduce STI transmission?
t 3969.5090231895447 q Is Pan a symbol of virtue and virginity in women?
t 4050.70076918602 q Would Firefighters be included in a September 11th memorial?
t 4160.625951290131 q Is it okay to lie after taking an oath in a court of law?
t 4267.4479768276215 q Would a week be enough time to watch every episode of Ugly Betty?
t 4338.441924333572 q Would Harvey Milk have approved of Obama?
t 4439.275391578674 q Has Ringo Starr been in a relatively large number of bands?
t 4544.44315123558 q Is average number of peas in a pod enough commas for a billion?
t 4626.128713130951 q Can native wolverines be found in Miami?
t 4743.699875354767 q Does the United States Secretary of State answer the phones for the White House?
t 4815.510610818863 q Are rainbows devoid of color made by mixing yin and yang colors?
t 4913.4832129478455 q Did pirates who had scurvy need more Vitamin C?
t 4994.870698928833 q Would you hire someone with dyscalculia to do surveying work?
t 5107.138581991196 q Is a fever cured by listening to a cowbell?
